/!\ FAILSAFE /!\  Thu Oct 10 14:23:19 +0200 2013
  Status: 500 Internal Server Error
  Unknown database 'hello_world_development'
    /usr/lib/ruby/gems/1.8/gems/activerecord-2.3.5/lib/active_record/connection_adapters/mysql_adapter.rb:589:in `real_connect'
    /usr/lib/ruby/gems/1.8/gems/activerecord-2.3.5/lib/active_record/connection_adapters/mysql_adapter.rb:589:in `connect'
    /usr/lib/ruby/gems/1.8/gems/activerecord-2.3.5/lib/active_record/connection_adapters/mysql_adapter.rb:203:in `initialize'
    /usr/lib/ruby/gems/1.8/gems/activerecord-2.3.5/lib/active_record/connection_adapters/mysql_adapter.rb:75:in `new'
    /usr/lib/ruby/gems/1.8/gems/activerecord-2.3.5/lib/active_record/connection_adapters/mysql_adapter.rb:75:in `mysql_connection'
    /usr/lib/ruby/gems/1.8/gems/activerecord-2.3.5/lib/active_record/connection_adapters/abstract/connection_pool.rb:223:in `send'
    /usr/lib/ruby/gems/1.8/gems/activerecord-2.3.5/lib/active_record/connection_adapters/abstract/connection_pool.rb:223:in `new_connection'
    /usr/lib/ruby/gems/1.8/gems/activerecord-2.3.5/lib/active_record/connection_adapters/abstract/connection_pool.rb:245:in `checkout_new_connection'
    /usr/lib/ruby/gems/1.8/gems/activerecord-2.3.5/lib/active_record/connection_adapters/abstract/connection_pool.rb:188:in `checkout'
    /usr/lib/ruby/gems/1.8/gems/activerecord-2.3.5/lib/active_record/connection_adapters/abstract/connection_pool.rb:184:in `loop'
    /usr/lib/ruby/gems/1.8/gems/activerecord-2.3.5/lib/active_record/connection_adapters/abstract/connection_pool.rb:184:in `checkout'
    /usr/lib/ruby/1.8/monitor.rb:242:in `synchronize'
    /usr/lib/ruby/gems/1.8/gems/activerecord-2.3.5/lib/active_record/connection_adapters/abstract/connection_pool.rb:183:in `checkout'
    /usr/lib/ruby/gems/1.8/gems/activerecord-2.3.5/lib/active_record/connection_adapters/abstract/connection_pool.rb:98:in `connection'
    /usr/lib/ruby/gems/1.8/gems/activerecord-2.3.5/lib/active_record/connection_adapters/abstract/connection_pool.rb:326:in `retrieve_connection'
    /usr/lib/ruby/gems/1.8/gems/activerecord-2.3.5/lib/active_record/connection_adapters/abstract/connection_specification.rb:123:in `retrieve_connection'
    /usr/lib/ruby/gems/1.8/gems/activerecord-2.3.5/lib/active_record/connection_adapters/abstract/connection_specification.rb:115:in `connection'
    /usr/lib/ruby/gems/1.8/gems/activerecord-2.3.5/lib/active_record/query_cache.rb:9:in `cache'
    /usr/lib/ruby/gems/1.8/gems/activerecord-2.3.5/lib/active_record/query_cache.rb:28:in `call'
    /usr/lib/ruby/gems/1.8/gems/activerecord-2.3.5/lib/active_record/connection_adapters/abstract/connection_pool.rb:361:in `call'
    /usr/lib/ruby/gems/1.8/gems/actionpack-2.3.5/lib/action_controller/string_coercion.rb:25:in `call'
    /usr/lib/ruby/gems/1.8/gems/rack-1.0.1/lib/rack/head.rb:9:in `call'
    /usr/lib/ruby/gems/1.8/gems/rack-1.0.1/lib/rack/methodoverride.rb:24:in `call'
    /usr/lib/ruby/gems/1.8/gems/actionpack-2.3.5/lib/action_controller/params_parser.rb:15:in `call'
    /usr/lib/ruby/gems/1.8/gems/actionpack-2.3.5/lib/action_controller/session/cookie_store.rb:93:in `call'
    /usr/lib/ruby/gems/1.8/gems/actionpack-2.3.5/lib/action_controller/failsafe.rb:26:in `call'
    /usr/lib/ruby/gems/1.8/gems/rack-1.0.1/lib/rack/lock.rb:11:in `call'
    /usr/lib/ruby/gems/1.8/gems/rack-1.0.1/lib/rack/lock.rb:11:in `synchronize'
    /usr/lib/ruby/gems/1.8/gems/rack-1.0.1/lib/rack/lock.rb:11:in `call'
    /usr/lib/ruby/gems/1.8/gems/actionpack-2.3.5/lib/action_controller/dispatcher.rb:114:in `call'
    /usr/lib/ruby/gems/1.8/gems/actionpack-2.3.5/lib/action_controller/reloader.rb:34:in `run'
    /usr/lib/ruby/gems/1.8/gems/actionpack-2.3.5/lib/action_controller/dispatcher.rb:108:in `call'
    /usr/lib/ruby/gems/1.8/gems/rails-2.3.5/lib/rails/rack/static.rb:31:in `call'
    /usr/lib/ruby/gems/1.8/gems/rack-1.0.1/lib/rack/urlmap.rb:46:in `call'
    /usr/lib/ruby/gems/1.8/gems/rack-1.0.1/lib/rack/urlmap.rb:40:in `each'
    /usr/lib/ruby/gems/1.8/gems/rack-1.0.1/lib/rack/urlmap.rb:40:in `call'
    /usr/lib/ruby/gems/1.8/gems/rails-2.3.5/lib/rails/rack/log_tailer.rb:17:in `call'
    /usr/lib/ruby/gems/1.8/gems/rack-1.0.1/lib/rack/content_length.rb:13:in `call'
    /usr/lib/ruby/gems/1.8/gems/rack-1.0.1/lib/rack/handler/webrick.rb:50:in `service'
    /usr/lib/ruby/1.8/webrick/httpserver.rb:104:in `service'
    /usr/lib/ruby/1.8/webrick/httpserver.rb:65:in `run'
    /usr/lib/ruby/1.8/webrick/server.rb:173:in `start_thread'
    /usr/lib/ruby/1.8/webrick/server.rb:162:in `start'
    /usr/lib/ruby/1.8/webrick/server.rb:162:in `start_thread'
    /usr/lib/ruby/1.8/webrick/server.rb:95:in `start'
    /usr/lib/ruby/1.8/webrick/server.rb:92:in `each'
    /usr/lib/ruby/1.8/webrick/server.rb:92:in `start'
    /usr/lib/ruby/1.8/webrick/server.rb:23:in `start'
    /usr/lib/ruby/1.8/webrick/server.rb:82:in `start'
    /usr/lib/ruby/gems/1.8/gems/rack-1.0.1/lib/rack/handler/webrick.rb:14:in `run'
    /usr/lib/ruby/gems/1.8/gems/rails-2.3.5/lib/commands/server.rb:111
    /usr/local/lib/site_ruby/1.8/rubygems/custom_require.rb:31:in `gem_original_require'
    /usr/local/lib/site_ruby/1.8/rubygems/custom_require.rb:31:in `require'
    script/server:3
  [4;36;1mSQL (0.6ms)[0m   [0;1mSET NAMES 'utf8'[0m
  [4;35;1mSQL (0.4ms)[0m   [0mSET SQL_AUTO_IS_NULL=0[0m
  [4;36;1mSQL (0.8ms)[0m   [0;1mSHOW TABLES[0m
  [4;35;1mSQL (217.2ms)[0m   [0mCREATE TABLE `schema_migrations` (`version` varchar(255) NOT NULL) ENGINE=InnoDB[0m
  [4;36;1mSQL (233.7ms)[0m   [0;1mCREATE UNIQUE INDEX `unique_schema_migrations` ON `schema_migrations` (`version`)[0m
  [4;35;1mSQL (1.0ms)[0m   [0mSHOW TABLES[0m
  [4;36;1mSQL (1.0ms)[0m   [0;1mSHOW TABLES[0m
  [4;35;1mSQL (1.0ms)[0m   [0mSELECT version FROM schema_migrations[0m
  [4;36;1mSQL (1.0ms)[0m   [0;1mSHOW TABLES[0m
  [4;36;1mSQL (0.7ms)[0m   [0;1mSET NAMES 'utf8'[0m
  [4;35;1mSQL (0.5ms)[0m   [0mSET SQL_AUTO_IS_NULL=0[0m


Processing Rails::InfoController#properties (for 127.0.0.1 at 2013-10-10 15:36:44) [GET]
  [4;36;1mSQL (1.1ms)[0m   [0;1mSHOW TABLES[0m
  [4;35;1mSQL (0.5ms)[0m   [0mSELECT version FROM schema_migrations[0m
Completed in 113ms (View: 19, DB: 3) | 200 OK [http://localhost/rails/info/properties]
  [4;36;1mSQL (0.2ms)[0m   [0;1mSET NAMES 'utf8'[0m
  [4;35;1mSQL (0.2ms)[0m   [0mSET SQL_AUTO_IS_NULL=0[0m


Processing HomeController#index (for 127.0.0.1 at 2013-10-10 16:47:39) [GET]
Rendering home/index
Completed in 69ms (View: 65, DB: 0) | 200 OK [http://localhost/]
  [4;36;1mSQL (0.3ms)[0m   [0;1mSET NAMES 'utf8'[0m
  [4;35;1mSQL (0.2ms)[0m   [0mSET SQL_AUTO_IS_NULL=0[0m


Processing HomeController#index (for 127.0.0.1 at 2013-10-10 17:00:00) [GET]
Rendering home/index
Completed in 20ms (View: 17, DB: 0) | 200 OK [http://localhost/]
  [4;36;1mSQL (0.6ms)[0m   [0;1mSET NAMES 'utf8'[0m
  [4;35;1mSQL (0.5ms)[0m   [0mSET SQL_AUTO_IS_NULL=0[0m


Processing HomeController#index (for 127.0.0.1 at 2013-10-10 17:17:44) [GET]
Rendering home/index
Completed in 20ms (View: 16, DB: 1) | 200 OK [http://localhost/]
  [4;36;1mSQL (0.2ms)[0m   [0;1mSET NAMES 'utf8'[0m
  [4;35;1mSQL (0.2ms)[0m   [0mSET SQL_AUTO_IS_NULL=0[0m


Processing HomeController#index (for 127.0.0.1 at 2013-10-10 17:17:46) [GET]
Rendering home/index
Completed in 5ms (View: 2, DB: 0) | 200 OK [http://localhost/]
  [4;36;1mSQL (0.2ms)[0m   [0;1mSET NAMES 'utf8'[0m
  [4;35;1mSQL (0.2ms)[0m   [0mSET SQL_AUTO_IS_NULL=0[0m


Processing HomeController#index (for 127.0.0.1 at 2013-10-10 17:24:42) [GET]
Rendering home/index
Completed in 14ms (View: 11, DB: 0) | 200 OK [http://localhost/]
  [4;36;1mSQL (0.5ms)[0m   [0;1mSET NAMES 'utf8'[0m
  [4;35;1mSQL (0.2ms)[0m   [0mSET SQL_AUTO_IS_NULL=0[0m
  [4;36;1mSQL (1.0ms)[0m   [0;1mSHOW TABLES[0m
  [4;35;1mSQL (0.5ms)[0m   [0mSELECT version FROM schema_migrations[0m
Migrating to CreatePeople (20131010160341)
  [4;36;1mSQL (125.2ms)[0m   [0;1mCREATE TABLE `people` (`id` int(11) DEFAULT NULL auto_increment PRIMARY KEY, `first_name` varchar(255), `last_name` varchar(255), `dob` datetime, `created_at` datetime, `updated_at` datetime) ENGINE=InnoDB[0m
  [4;35;1mSQL (76.5ms)[0m   [0mINSERT INTO schema_migrations (version) VALUES ('20131010160341')[0m
  [4;36;1mSQL (1.0ms)[0m   [0;1mSHOW TABLES[0m
  [4;35;1mSQL (0.5ms)[0m   [0mSELECT version FROM schema_migrations[0m
  [4;36;1mSQL (1.0ms)[0m   [0;1mSHOW TABLES[0m
  [4;35;1mSQL (2.2ms)[0m   [0mSHOW FIELDS FROM `people`[0m
  [4;36;1mSQL (2.6ms)[0m   [0;1mdescribe `people`[0m
  [4;35;1mSQL (1.2ms)[0m   [0mSHOW KEYS FROM `people`[0m
  [4;36;1mSQL (0.3ms)[0m   [0;1mSET NAMES 'utf8'[0m
  [4;35;1mSQL (0.5ms)[0m   [0mSET SQL_AUTO_IS_NULL=0[0m


Processing HomeController#index (for 127.0.0.1 at 2013-10-10 20:03:00) [GET]
Rendering home/index
Completed in 5ms (View: 2, DB: 1) | 200 OK [http://localhost/]
  [4;36;1mSQL (0.2ms)[0m   [0;1mSET NAMES 'utf8'[0m
  [4;35;1mSQL (0.2ms)[0m   [0mSET SQL_AUTO_IS_NULL=0[0m


Processing PersonController#new (for 127.0.0.1 at 2013-10-10 20:03:17) [GET]
  [4;36;1mPerson Columns (1.9ms)[0m   [0;1mSHOW FIELDS FROM `people`[0m
Rendering person/new
Completed in 136ms (View: 125, DB: 2) | 200 OK [http://localhost/person/new]
  [4;35;1mSQL (0.2ms)[0m   [0mSET NAMES 'utf8'[0m
  [4;36;1mSQL (0.2ms)[0m   [0;1mSET SQL_AUTO_IS_NULL=0[0m


Processing PersonController#create (for 127.0.0.1 at 2013-10-10 20:04:00) [POST]
  Parameters: {"authenticity_token"=>"qRbjPRaeB75joRsJcigBNf7j1YEXOP9oG5z9ODSBO9I=", "commit"=>"create person", "person"=>{"last_name"=>"njala", "first_name"=>"chisomo", "dob"=>"2013-10-10"}}
  [4;35;1mPerson Columns (2.8ms)[0m   [0mSHOW FIELDS FROM `people`[0m
  [4;36;1mSQL (0.3ms)[0m   [0;1mBEGIN[0m
  [4;35;1mPerson Create (20.1ms)[0m   [0mINSERT INTO `people` (`last_name`, `updated_at`, `first_name`, `created_at`, `dob`) VALUES('njala', '2013-10-10 18:04:00', 'chisomo', '2013-10-10 18:04:00', '2013-10-10 00:00:00')[0m
  [4;36;1mSQL (97.1ms)[0m   [0;1mCOMMIT[0m
Redirected to http://localhost:3000/person
Completed in 304ms (DB: 121) | 302 Found [http://localhost/person/create]
  [4;35;1mSQL (0.2ms)[0m   [0mSET NAMES 'utf8'[0m
  [4;36;1mSQL (0.2ms)[0m   [0;1mSET SQL_AUTO_IS_NULL=0[0m


Processing PersonController#index (for 127.0.0.1 at 2013-10-10 20:04:00) [GET]
  [4;35;1mPerson Load (1.0ms)[0m   [0mSELECT * FROM `people` [0m
Rendering person/index
  [4;36;1mPerson Columns (1.9ms)[0m   [0;1mSHOW FIELDS FROM `people`[0m
Completed in 32ms (View: 19, DB: 3) | 200 OK [http://localhost/person]
  [4;35;1mSQL (0.2ms)[0m   [0mSET NAMES 'utf8'[0m
  [4;36;1mSQL (0.2ms)[0m   [0;1mSET SQL_AUTO_IS_NULL=0[0m


Processing PersonController#new (for 127.0.0.1 at 2013-10-10 20:04:09) [GET]
  [4;35;1mPerson Columns (1.9ms)[0m   [0mSHOW FIELDS FROM `people`[0m
Rendering person/new
Completed in 22ms (View: 10, DB: 2) | 200 OK [http://localhost/person/new]
  [4;36;1mSQL (0.2ms)[0m   [0;1mSET NAMES 'utf8'[0m
  [4;35;1mSQL (0.2ms)[0m   [0mSET SQL_AUTO_IS_NULL=0[0m


Processing PersonController#create (for 127.0.0.1 at 2013-10-10 20:04:38) [POST]
  Parameters: {"authenticity_token"=>"qRbjPRaeB75joRsJcigBNf7j1YEXOP9oG5z9ODSBO9I=", "commit"=>"create person", "person"=>{"last_name"=>"han", "first_name"=>"hannah", "dob"=>"2013-10-10"}}
  [4;36;1mPerson Columns (1.8ms)[0m   [0;1mSHOW FIELDS FROM `people`[0m
  [4;35;1mSQL (0.4ms)[0m   [0mBEGIN[0m
  [4;36;1mPerson Create (0.9ms)[0m   [0;1mINSERT INTO `people` (`last_name`, `updated_at`, `first_name`, `created_at`, `dob`) VALUES('han', '2013-10-10 18:04:38', 'hannah', '2013-10-10 18:04:38', '2013-10-10 00:00:00')[0m
  [4;35;1mSQL (33.2ms)[0m   [0mCOMMIT[0m
Redirected to http://localhost:3000/person
Completed in 56ms (DB: 37) | 302 Found [http://localhost/person/create]
  [4;36;1mSQL (0.3ms)[0m   [0;1mSET NAMES 'utf8'[0m
  [4;35;1mSQL (0.2ms)[0m   [0mSET SQL_AUTO_IS_NULL=0[0m


Processing PersonController#index (for 127.0.0.1 at 2013-10-10 20:04:39) [GET]
  [4;36;1mPerson Load (0.6ms)[0m   [0;1mSELECT * FROM `people` [0m
Rendering person/index
  [4;35;1mPerson Columns (1.9ms)[0m   [0mSHOW FIELDS FROM `people`[0m
Completed in 22ms (View: 10, DB: 3) | 200 OK [http://localhost/person]
  [4;36;1mSQL (0.2ms)[0m   [0;1mSET NAMES 'utf8'[0m
  [4;35;1mSQL (0.2ms)[0m   [0mSET SQL_AUTO_IS_NULL=0[0m


Processing PersonController#edit (for 127.0.0.1 at 2013-10-10 20:06:39) [GET]
  Parameters: {"id"=>"2"}
  [4;36;1mPerson Columns (1.9ms)[0m   [0;1mSHOW FIELDS FROM `people`[0m
  [4;35;1mPerson Load (0.7ms)[0m   [0mSELECT * FROM `people` WHERE (`people`.`id` = 2) [0m
Rendering person/edit
Completed in 113ms (View: 99, DB: 3) | 200 OK [http://localhost/person/edit/2]
  [4;36;1mSQL (0.2ms)[0m   [0;1mSET NAMES 'utf8'[0m
  [4;35;1mSQL (0.2ms)[0m   [0mSET SQL_AUTO_IS_NULL=0[0m


Processing PersonController#update (for 127.0.0.1 at 2013-10-10 20:06:48) [POST]
  Parameters: {"authenticity_token"=>"qRbjPRaeB75joRsJcigBNf7j1YEXOP9oG5z9ODSBO9I=", "commit"=>"update person", "person"=>{"last_name"=>"hana", "first_name"=>"hannah", "id"=>"2", "dob"=>"2013-10-10 00:00:00"}}
  [4;36;1mPerson Columns (2.0ms)[0m   [0;1mSHOW FIELDS FROM `people`[0m
  [4;35;1mPerson Load (0.3ms)[0m   [0mSELECT * FROM `people` WHERE (`people`.`id` = 2) [0m
  [4;36;1mSQL (0.2ms)[0m   [0;1mBEGIN[0m
  [4;35;1mPerson Update (63.1ms)[0m   [0mUPDATE `people` SET `updated_at` = '2013-10-10 18:06:48', `last_name` = 'hana' WHERE `id` = 2[0m
  [4;36;1mSQL (47.7ms)[0m   [0;1mCOMMIT[0m
Redirected to http://localhost:3000/person
Completed in 135ms (DB: 114) | 302 Found [http://localhost/person/update]
  [4;35;1mSQL (0.2ms)[0m   [0mSET NAMES 'utf8'[0m
  [4;36;1mSQL (0.2ms)[0m   [0;1mSET SQL_AUTO_IS_NULL=0[0m


Processing PersonController#index (for 127.0.0.1 at 2013-10-10 20:06:48) [GET]
  [4;35;1mPerson Load (0.9ms)[0m   [0mSELECT * FROM `people` [0m
Rendering person/index
  [4;36;1mPerson Columns (2.7ms)[0m   [0;1mSHOW FIELDS FROM `people`[0m
Completed in 25ms (View: 11, DB: 4) | 200 OK [http://localhost/person]
  [4;35;1mSQL (0.2ms)[0m   [0mSET NAMES 'utf8'[0m
  [4;36;1mSQL (0.3ms)[0m   [0;1mSET SQL_AUTO_IS_NULL=0[0m


Processing PersonController#delete (for 127.0.0.1 at 2013-10-10 20:09:06) [GET]
  Parameters: {"id"=>"2"}
  [4;35;1mPerson Columns (2.6ms)[0m   [0mSHOW FIELDS FROM `people`[0m
  [4;36;1mPerson Load (1.1ms)[0m   [0;1mSELECT * FROM `people` WHERE (`people`.`id` = 2) [0m
  [4;35;1mSQL (0.4ms)[0m   [0mBEGIN[0m
  [4;36;1mPerson Destroy (0.8ms)[0m   [0;1mDELETE FROM `people` WHERE `id` = 2[0m
  [4;35;1mSQL (42.6ms)[0m   [0mCOMMIT[0m
Redirected to http://localhost:3000/person
Completed in 62ms (DB: 48) | 302 Found [http://localhost/person/delete/2]
  [4;36;1mSQL (0.2ms)[0m   [0;1mSET NAMES 'utf8'[0m
  [4;35;1mSQL (0.2ms)[0m   [0mSET SQL_AUTO_IS_NULL=0[0m


Processing PersonController#index (for 127.0.0.1 at 2013-10-10 20:09:06) [GET]
  [4;36;1mPerson Load (0.8ms)[0m   [0;1mSELECT * FROM `people` [0m
Rendering person/index
  [4;35;1mPerson Columns (1.9ms)[0m   [0mSHOW FIELDS FROM `people`[0m
Completed in 20ms (View: 8, DB: 3) | 200 OK [http://localhost/person]
  [4;36;1mSQL (0.4ms)[0m   [0;1mSET NAMES 'utf8'[0m
  [4;35;1mSQL (0.1ms)[0m   [0mSET SQL_AUTO_IS_NULL=0[0m


Processing PersonController#new (for 127.0.0.1 at 2013-10-10 20:09:09) [GET]
  [4;36;1mPerson Columns (1.8ms)[0m   [0;1mSHOW FIELDS FROM `people`[0m
Rendering person/new
Completed in 22ms (View: 10, DB: 2) | 200 OK [http://localhost/person/new]
  [4;35;1mSQL (0.2ms)[0m   [0mSET NAMES 'utf8'[0m
  [4;36;1mSQL (0.2ms)[0m   [0;1mSET SQL_AUTO_IS_NULL=0[0m


Processing PersonController#create (for 127.0.0.1 at 2013-10-10 20:09:14) [POST]
  Parameters: {"authenticity_token"=>"qRbjPRaeB75joRsJcigBNf7j1YEXOP9oG5z9ODSBO9I=", "commit"=>"create person", "person"=>{"last_name"=>"", "first_name"=>"hannah", "dob"=>""}}
  [4;35;1mPerson Columns (1.9ms)[0m   [0mSHOW FIELDS FROM `people`[0m
  [4;36;1mSQL (0.2ms)[0m   [0;1mBEGIN[0m
  [4;35;1mPerson Create (0.8ms)[0m   [0mINSERT INTO `people` (`last_name`, `updated_at`, `first_name`, `created_at`, `dob`) VALUES('', '2013-10-10 18:09:14', 'hannah', '2013-10-10 18:09:14', NULL)[0m
  [4;36;1mSQL (60.8ms)[0m   [0;1mCOMMIT[0m
Redirected to http://localhost:3000/person
Completed in 82ms (DB: 64) | 302 Found [http://localhost/person/create]
  [4;35;1mSQL (0.2ms)[0m   [0mSET NAMES 'utf8'[0m
  [4;36;1mSQL (0.2ms)[0m   [0;1mSET SQL_AUTO_IS_NULL=0[0m


Processing PersonController#index (for 127.0.0.1 at 2013-10-10 20:09:14) [GET]
  [4;35;1mPerson Load (0.7ms)[0m   [0mSELECT * FROM `people` [0m
Rendering person/index
  [4;36;1mPerson Columns (1.8ms)[0m   [0;1mSHOW FIELDS FROM `people`[0m
Completed in 22ms (View: 10, DB: 3) | 200 OK [http://localhost/person]
  [4;35;1mSQL (0.3ms)[0m   [0mSET NAMES 'utf8'[0m
  [4;36;1mSQL (0.5ms)[0m   [0;1mSET SQL_AUTO_IS_NULL=0[0m


Processing PersonController#edit (for 127.0.0.1 at 2013-10-10 20:09:19) [GET]
  Parameters: {"id"=>"3"}
  [4;35;1mPerson Columns (2.2ms)[0m   [0mSHOW FIELDS FROM `people`[0m
  [4;36;1mPerson Load (0.7ms)[0m   [0;1mSELECT * FROM `people` WHERE (`people`.`id` = 3) [0m
Rendering person/edit
Completed in 24ms (View: 11, DB: 4) | 200 OK [http://localhost/person/edit/3]
  [4;35;1mSQL (0.2ms)[0m   [0mSET NAMES 'utf8'[0m
  [4;36;1mSQL (0.2ms)[0m   [0;1mSET SQL_AUTO_IS_NULL=0[0m


Processing PersonController#update (for 127.0.0.1 at 2013-10-10 20:09:31) [POST]
  Parameters: {"authenticity_token"=>"qRbjPRaeB75joRsJcigBNf7j1YEXOP9oG5z9ODSBO9I=", "commit"=>"update person", "person"=>{"last_name"=>"hana", "first_name"=>"hannah", "id"=>"3", "dob"=>"2013"}}
  [4;35;1mPerson Columns (2.6ms)[0m   [0mSHOW FIELDS FROM `people`[0m
  [4;36;1mPerson Load (0.4ms)[0m   [0;1mSELECT * FROM `people` WHERE (`people`.`id` = 3) [0m
  [4;35;1mSQL (0.3ms)[0m   [0mBEGIN[0m
  [4;36;1mPerson Update (1.0ms)[0m   [0;1mUPDATE `people` SET `updated_at` = '2013-10-10 18:09:31', `last_name` = 'hana' WHERE `id` = 3[0m
  [4;35;1mSQL (32.7ms)[0m   [0mCOMMIT[0m
Redirected to http://localhost:3000/person
Completed in 66ms (DB: 37) | 302 Found [http://localhost/person/update]
  [4;36;1mSQL (0.3ms)[0m   [0;1mSET NAMES 'utf8'[0m
  [4;35;1mSQL (0.2ms)[0m   [0mSET SQL_AUTO_IS_NULL=0[0m


Processing PersonController#index (for 127.0.0.1 at 2013-10-10 20:09:31) [GET]
  [4;36;1mPerson Load (0.7ms)[0m   [0;1mSELECT * FROM `people` [0m
Rendering person/index
  [4;35;1mPerson Columns (2.7ms)[0m   [0mSHOW FIELDS FROM `people`[0m
Completed in 27ms (View: 14, DB: 4) | 200 OK [http://localhost/person]
  [4;36;1mSQL (0.2ms)[0m   [0;1mSET NAMES 'utf8'[0m
  [4;35;1mSQL (0.2ms)[0m   [0mSET SQL_AUTO_IS_NULL=0[0m


Processing PersonController#edit (for 127.0.0.1 at 2013-10-10 20:09:36) [GET]
  Parameters: {"id"=>"3"}
  [4;36;1mPerson Columns (2.0ms)[0m   [0;1mSHOW FIELDS FROM `people`[0m
  [4;35;1mPerson Load (0.7ms)[0m   [0mSELECT * FROM `people` WHERE (`people`.`id` = 3) [0m
Rendering person/edit
Completed in 25ms (View: 11, DB: 3) | 200 OK [http://localhost/person/edit/3]
  [4;36;1mSQL (0.2ms)[0m   [0;1mSET NAMES 'utf8'[0m
  [4;35;1mSQL (0.2ms)[0m   [0mSET SQL_AUTO_IS_NULL=0[0m


Processing PersonController#update (for 127.0.0.1 at 2013-10-10 20:09:47) [POST]
  Parameters: {"authenticity_token"=>"qRbjPRaeB75joRsJcigBNf7j1YEXOP9oG5z9ODSBO9I=", "commit"=>"update person", "person"=>{"last_name"=>"hana", "first_name"=>"hannah", "id"=>"3", "dob"=>"2013-10-10"}}
  [4;36;1mPerson Columns (1.9ms)[0m   [0;1mSHOW FIELDS FROM `people`[0m
  [4;35;1mPerson Load (0.4ms)[0m   [0mSELECT * FROM `people` WHERE (`people`.`id` = 3) [0m
  [4;36;1mSQL (0.3ms)[0m   [0;1mBEGIN[0m
  [4;35;1mPerson Update (146.3ms)[0m   [0mUPDATE `people` SET `updated_at` = '2013-10-10 18:09:47', `dob` = '2013-10-10 00:00:00' WHERE `id` = 3[0m
  [4;36;1mSQL (42.7ms)[0m   [0;1mCOMMIT[0m
Redirected to http://localhost:3000/person
Completed in 213ms (DB: 192) | 302 Found [http://localhost/person/update]
  [4;35;1mSQL (0.3ms)[0m   [0mSET NAMES 'utf8'[0m
  [4;36;1mSQL (0.1ms)[0m   [0;1mSET SQL_AUTO_IS_NULL=0[0m


Processing PersonController#index (for 127.0.0.1 at 2013-10-10 20:09:47) [GET]
  [4;35;1mPerson Load (0.9ms)[0m   [0mSELECT * FROM `people` [0m
Rendering person/index
  [4;36;1mPerson Columns (1.9ms)[0m   [0;1mSHOW FIELDS FROM `people`[0m
Completed in 24ms (View: 12, DB: 3) | 200 OK [http://localhost/person]
